\BOOKMARK [0][-]{chapter*.1}{\376\377\000A\000c\000k\000n\000o\000w\000l\000e\000d\000g\000e\000m\000e\000n\000t\000s}{}% 1
\BOOKMARK [0][-]{chapter.1}{\376\377\000I\000n\000t\000r\000o\000d\000u\000c\000t\000i\000o\000n}{}% 2
\BOOKMARK [1][-]{section.1.1}{\376\377\000P\000r\000o\000b\000l\000e\000m\000\040\000S\000t\000a\000t\000e\000m\000e\000n\000t}{chapter.1}% 3
\BOOKMARK [1][-]{section.1.2}{\376\377\000S\000c\000o\000p\000e}{chapter.1}% 4
\BOOKMARK [1][-]{section.1.3}{\376\377\000O\000b\000j\000e\000c\000t\000i\000v\000e\000s}{chapter.1}% 5
\BOOKMARK [0][-]{chapter.2}{\376\377\000B\000a\000c\000k\000g\000r\000o\000u\000n\000d\000\040\000a\000n\000d\000\040\000R\000e\000v\000i\000e\000w\000\040\000o\000f\000\040\000L\000i\000t\000e\000r\000a\000t\000u\000r\000e}{}% 6
\BOOKMARK [1][-]{section.2.1}{\376\377\000R\000e\000l\000a\000t\000e\000d\000\040\000W\000o\000r\000k}{chapter.2}% 7
\BOOKMARK [2][-]{subsection.2.1.1}{\376\377\000S\000y\000n\000c\000h\000r\000o\000n\000i\000s\000a\000t\000i\000o\000n\000\040\000i\000n\000\040\000O\000s\000c\000i\000l\000l\000a\000t\000o\000r\000\040\000N\000e\000t\000w\000o\000r\000k\000s}{section.2.1}% 8
\BOOKMARK [2][-]{subsection.2.1.2}{\376\377\000T\000i\000m\000e\000\040\000D\000e\000l\000a\000y\000s\000\040\000a\000n\000d\000\040\000N\000e\000t\000w\000o\000r\000k\000\040\000T\000o\000p\000o\000l\000o\000g\000y}{section.2.1}% 9
\BOOKMARK [2][-]{subsection.2.1.3}{\376\377\000A\000p\000p\000l\000i\000c\000a\000t\000i\000o\000n\000s\000\040\000i\000n\000\040\000P\000o\000w\000e\000r\000\040\000G\000r\000i\000d\000s}{section.2.1}% 10
\BOOKMARK [2][-]{subsection.2.1.4}{\376\377\000S\000u\000m\000m\000a\000r\000y}{section.2.1}% 11
\BOOKMARK [0][-]{chapter.3}{\376\377\000T\000h\000e\000o\000r\000y\000\040\000a\000n\000d\000\040\000M\000a\000t\000h\000e\000m\000a\000t\000i\000c\000a\000l\000\040\000F\000r\000a\000m\000e\000w\000o\000r\000k}{}% 12
\BOOKMARK [1][-]{section.3.1}{\376\377\000T\000h\000e\000\040\000K\000u\000r\000a\000m\000o\000t\000o\000\040\000M\000o\000d\000e\000l}{chapter.3}% 13
\BOOKMARK [2][-]{subsection.3.1.1}{\376\377\000B\000a\000s\000i\000c\000\040\000F\000o\000r\000m\000u\000l\000a\000t\000i\000o\000n}{section.3.1}% 14
\BOOKMARK [2][-]{subsection.3.1.2}{\376\377\000N\000e\000t\000w\000o\000r\000k\000-\000G\000e\000n\000e\000r\000a\000l\000i\000s\000e\000d\000\040\000K\000u\000r\000a\000m\000o\000t\000o\000\040\000M\000o\000d\000e\000l}{section.3.1}% 15
\BOOKMARK [2][-]{subsection.3.1.3}{\376\377\000K\000u\000r\000a\000m\000o\000t\000o\000\040\000M\000o\000d\000e\000l\000\040\000w\000i\000t\000h\000\040\000T\000i\000m\000e\000\040\000D\000e\000l\000a\000y}{section.3.1}% 16
\BOOKMARK [1][-]{section.3.2}{\376\377\000O\000r\000d\000e\000r\000\040\000P\000a\000r\000a\000m\000e\000t\000e\000r}{chapter.3}% 17
\BOOKMARK [1][-]{section.3.3}{\376\377\000C\000r\000i\000t\000i\000c\000a\000l\000\040\000C\000o\000u\000p\000l\000i\000n\000g}{chapter.3}% 18
\BOOKMARK [0][-]{chapter.4}{\376\377\000M\000e\000t\000h\000o\000d\000o\000l\000o\000g\000y}{}% 19
\BOOKMARK [1][-]{section.4.1}{\376\377\000S\000i\000m\000u\000l\000a\000t\000i\000o\000n\000\040\000F\000r\000a\000m\000e\000w\000o\000r\000k}{chapter.4}% 20
\BOOKMARK [2][-]{subsection.4.1.1}{\376\377\000N\000u\000m\000e\000r\000i\000c\000a\000l\000\040\000I\000n\000t\000e\000g\000r\000a\000t\000i\000o\000n}{section.4.1}% 21
\BOOKMARK [2][-]{subsection.4.1.2}{\376\377\000I\000m\000p\000l\000e\000m\000e\000n\000t\000a\000t\000i\000o\000n\000\040\000D\000e\000t\000a\000i\000l\000s}{section.4.1}% 22
\BOOKMARK [1][-]{section.4.2}{\376\377\000S\000y\000s\000t\000e\000m\000\040\000P\000a\000r\000a\000m\000e\000t\000e\000r\000s}{chapter.4}% 23
\BOOKMARK [2][-]{subsection.4.2.1}{\376\377\000D\000e\000f\000a\000u\000l\000t\000\040\000C\000o\000n\000f\000i\000g\000u\000r\000a\000t\000i\000o\000n}{section.4.2}% 24
\BOOKMARK [2][-]{subsection.4.2.2}{\376\377\000F\000r\000e\000q\000u\000e\000n\000c\000y\000\040\000D\000i\000s\000t\000r\000i\000b\000u\000t\000i\000o\000n}{section.4.2}% 25
\BOOKMARK [2][-]{subsection.4.2.3}{\376\377\000I\000n\000i\000t\000i\000a\000l\000\040\000C\000o\000n\000d\000i\000t\000i\000o\000n\000s}{section.4.2}% 26
\BOOKMARK [1][-]{section.4.3}{\376\377\000N\000e\000t\000w\000o\000r\000k\000\040\000T\000o\000p\000o\000l\000o\000g\000i\000e\000s}{chapter.4}% 27
\BOOKMARK [2][-]{subsection.4.3.1}{\376\377\000A\000l\000l\000-\000t\000o\000-\000A\000l\000l\000\040\000\050\000F\000u\000l\000l\000\051\000\040\000N\000e\000t\000w\000o\000r\000k}{section.4.3}% 28
\BOOKMARK [2][-]{subsection.4.3.2}{\376\377\000R\000i\000n\000g\000\040\000\050\000N\000e\000a\000r\000e\000s\000t\000-\000N\000e\000i\000g\000h\000b\000o\000u\000r\000\051\000\040\000N\000e\000t\000w\000o\000r\000k}{section.4.3}% 29
\BOOKMARK [2][-]{subsection.4.3.3}{\376\377\000S\000t\000a\000r\000\040\000\050\000H\000u\000b\000-\000a\000n\000d\000-\000S\000p\000o\000k\000e\000\051\000\040\000N\000e\000t\000w\000o\000r\000k}{section.4.3}% 30
\BOOKMARK [2][-]{subsection.4.3.4}{\376\377\000R\000a\000n\000d\000o\000m\000\040\000\050\000E\000r\000d\001\121\000s\000-\000R\000\351\000n\000y\000i\000\051\000\040\000N\000e\000t\000w\000o\000r\000k}{section.4.3}% 31
\BOOKMARK [1][-]{section.4.4}{\376\377\000P\000e\000r\000f\000o\000r\000m\000a\000n\000c\000e\000\040\000M\000e\000t\000r\000i\000c\000s}{chapter.4}% 32
\BOOKMARK [2][-]{subsection.4.4.1}{\376\377\000O\000r\000d\000e\000r\000\040\000P\000a\000r\000a\000m\000e\000t\000e\000r}{section.4.4}% 33
\BOOKMARK [2][-]{subsection.4.4.2}{\376\377\000T\000i\000m\000e\000\040\000t\000o\000\040\000S\000y\000n\000c\000h\000r\000o\000n\000i\000s\000a\000t\000i\000o\000n}{section.4.4}% 34
\BOOKMARK [2][-]{subsection.4.4.3}{\376\377\000P\000h\000a\000s\000e\000\040\000V\000a\000r\000i\000a\000n\000c\000e}{section.4.4}% 35
\BOOKMARK [2][-]{subsection.4.4.4}{\376\377\000C\000o\000n\000v\000e\000r\000g\000e\000n\000c\000e\000\040\000R\000a\000t\000e}{section.4.4}% 36
\BOOKMARK [1][-]{section.4.5}{\376\377\000E\000x\000p\000e\000r\000i\000m\000e\000n\000t\000a\000l\000\040\000D\000e\000s\000i\000g\000n}{chapter.4}% 37
\BOOKMARK [2][-]{subsection.4.5.1}{\376\377\000E\000x\000p\000e\000r\000i\000m\000e\000n\000t\000\040\0001\000:\000\040\000C\000o\000u\000p\000l\000i\000n\000g\000\040\000S\000t\000r\000e\000n\000g\000t\000h\000\040\000D\000e\000p\000e\000n\000d\000e\000n\000c\000e}{section.4.5}% 38
\BOOKMARK [2][-]{subsection.4.5.2}{\376\377\000E\000x\000p\000e\000r\000i\000m\000e\000n\000t\000\040\0002\000:\000\040\000N\000e\000t\000w\000o\000r\000k\000\040\000S\000i\000z\000e\000\040\000S\000c\000a\000l\000i\000n\000g}{section.4.5}% 39
\BOOKMARK [2][-]{subsection.4.5.3}{\376\377\000E\000x\000p\000e\000r\000i\000m\000e\000n\000t\000\040\0003\000:\000\040\000N\000e\000t\000w\000o\000r\000k\000\040\000T\000o\000p\000o\000l\000o\000g\000y\000\040\000C\000o\000m\000p\000a\000r\000i\000s\000o\000n}{section.4.5}% 40
\BOOKMARK [2][-]{subsection.4.5.4}{\376\377\000E\000x\000p\000e\000r\000i\000m\000e\000n\000t\000\040\0004\000:\000\040\000T\000i\000m\000e\000\040\000D\000e\000l\000a\000y\000\040\000E\000f\000f\000e\000c\000t\000s}{section.4.5}% 41
\BOOKMARK [2][-]{subsection.4.5.5}{\376\377\000E\000x\000p\000e\000r\000i\000m\000e\000n\000t\000\040\0005\000:\000\040\000C\000r\000i\000t\000i\000c\000a\000l\000\040\000C\000o\000u\000p\000l\000i\000n\000g\000\040\000T\000h\000r\000e\000s\000h\000o\000l\000d}{section.4.5}% 42
\BOOKMARK [0][-]{chapter.5}{\376\377\000R\000e\000s\000u\000l\000t\000s}{}% 43
\BOOKMARK [1][-]{section.5.1}{\376\377\000S\000u\000m\000m\000a\000r\000y\000\040\000o\000f\000\040\000K\000e\000y\000\040\000F\000i\000n\000d\000i\000n\000g\000s}{chapter.5}% 44
\BOOKMARK [1][-]{section.5.2}{\376\377\000E\000x\000p\000e\000r\000i\000m\000e\000n\000t\000\040\0001\000:\000\040\000E\000f\000f\000e\000c\000t\000\040\000o\000f\000\040\000C\000o\000u\000p\000l\000i\000n\000g\000\040\000S\000t\000r\000e\000n\000g\000t\000h}{chapter.5}% 45
\BOOKMARK [2][-]{subsection.5.2.1}{\376\377\000O\000v\000e\000r\000v\000i\000e\000w}{section.5.2}% 46
\BOOKMARK [2][-]{subsection.5.2.2}{\376\377\000S\000y\000n\000c\000h\000r\000o\000n\000i\000z\000a\000t\000i\000o\000n\000\040\000T\000i\000m\000e\000\040\000v\000s\000.\000\040\000C\000o\000u\000p\000l\000i\000n\000g}{section.5.2}% 47
\BOOKMARK [2][-]{subsection.5.2.3}{\376\377\000O\000r\000d\000e\000r\000\040\000P\000a\000r\000a\000m\000e\000t\000e\000r\000\040\000D\000y\000n\000a\000m\000i\000c\000s}{section.5.2}% 48
\BOOKMARK [2][-]{subsection.5.2.4}{\376\377\000P\000h\000a\000s\000e\000\040\000V\000a\000r\000i\000a\000n\000c\000e\000\040\000a\000n\000d\000\040\000C\000o\000n\000v\000e\000r\000g\000e\000n\000c\000e}{section.5.2}% 49
\BOOKMARK [0][-]{appendix.A}{\376\377\000C\000o\000d\000e\000\040\000R\000e\000p\000o\000s\000i\000t\000o\000r\000y\000\040\000a\000n\000d\000\040\000I\000m\000p\000l\000e\000m\000e\000n\000t\000a\000t\000i\000o\000n}{}% 50
\BOOKMARK [1][-]{section.A.1}{\376\377\000R\000e\000p\000o\000s\000i\000t\000o\000r\000y\000\040\000A\000c\000c\000e\000s\000s}{appendix.A}% 51
\BOOKMARK [1][-]{section.A.2}{\376\377\000K\000e\000y\000\040\000I\000m\000p\000l\000e\000m\000e\000n\000t\000a\000t\000i\000o\000n\000\040\000H\000i\000g\000h\000l\000i\000g\000h\000t\000s}{appendix.A}% 52
\BOOKMARK [2][-]{subsection.A.2.1}{\376\377\000K\000u\000r\000a\000m\000o\000t\000o\000\040\000M\000o\000d\000e\000l\000\040\000D\000y\000n\000a\000m\000i\000c\000s}{section.A.2}% 53
\BOOKMARK [2][-]{subsection.A.2.2}{\376\377\000T\000i\000m\000e\000\040\000D\000e\000l\000a\000y\000\040\000I\000n\000t\000e\000g\000r\000a\000t\000i\000o\000n}{section.A.2}% 54
\BOOKMARK [2][-]{subsection.A.2.3}{\376\377\000N\000e\000t\000w\000o\000r\000k\000\040\000T\000o\000p\000o\000l\000o\000g\000y\000\040\000G\000e\000n\000e\000r\000a\000t\000i\000o\000n}{section.A.2}% 55
\BOOKMARK [1][-]{section.A.3}{\376\377\000P\000e\000r\000f\000o\000r\000m\000a\000n\000c\000e\000\040\000M\000e\000t\000r\000i\000c\000s}{appendix.A}% 56
